2019-03-04 11:40:26.280[main]DEBUGcom.imooc.o2o.dao.ShopDao.queryShopList-==>  Preparing: SELECT s.shop_id, s.shop_name, s.shop_desc, s.shop_addr, s.phone, s.shop_img, s.priority, s.create_time, s.last_edit_time, s.enable_status, s.advice, a.area_id, a.area_name, sc.shop_category_id, sc.shop_category_name FROM tb_shop s, tb_area a, tb_shop_category sc WHERE s.shop_category_id = ? AND s.area_id=a.area_id AND s.shop_category_id =sc.shop_category_id ORDER BY priority DESC LIMIT ?,?; 
2019-03-04 11:40:26.369[main]DEBUGcom.imooc.o2o.dao.ShopDao.queryShopList-==> Parameters: 1(Long), 0(Integer), 2(Integer)
2019-03-04 11:40:26.412[main]DEBUGcom.imooc.o2o.dao.ShopDao.queryShopList-<==      Total: 2
2019-03-04 11:40:26.421[main]DEBUGcom.imooc.o2o.dao.ShopDao.queryShopCount-==>  Preparing: SELECT count(1) FROM tb_shop s, tb_area a, tb_shop_category sc WHERE s.shop_category_id = ? AND s.area_id=a.area_id AND s.shop_category_id =sc.shop_category_id 
2019-03-04 11:40:26.422[main]DEBUGcom.imooc.o2o.dao.ShopDao.queryShopCount-==> Parameters: 1(Long)
2019-03-04 11:40:26.425[main]DEBUGcom.imooc.o2o.dao.ShopDao.queryShopCount-<==      Total: 1
2019-03-04 11:41:33.691[main]DEBUGcom.imooc.o2o.dao.ShopDao.queryShopList-==>  Preparing: SELECT s.shop_id, s.shop_name, s.shop_desc, s.shop_addr, s.phone, s.shop_img, s.priority, s.create_time, s.last_edit_time, s.enable_status, s.advice, a.area_id, a.area_name, sc.shop_category_id, sc.shop_category_name FROM tb_shop s, tb_area a, tb_shop_category sc WHERE s.shop_category_id = ? AND s.area_id=a.area_id AND s.shop_category_id =sc.shop_category_id ORDER BY priority DESC LIMIT ?,?; 
2019-03-04 11:41:33.741[main]DEBUGcom.imooc.o2o.dao.ShopDao.queryShopList-==> Parameters: 1(Long), 0(Integer), 2(Integer)
2019-03-04 11:41:33.776[main]DEBUGcom.imooc.o2o.dao.ShopDao.queryShopList-<==      Total: 2
2019-03-04 11:41:33.784[main]DEBUGcom.imooc.o2o.dao.ShopDao.queryShopCount-==>  Preparing: SELECT count(1) FROM tb_shop s, tb_area a, tb_shop_category sc WHERE s.shop_category_id = ? AND s.area_id=a.area_id AND s.shop_category_id =sc.shop_category_id 
2019-03-04 11:41:33.784[main]DEBUGcom.imooc.o2o.dao.ShopDao.queryShopCount-==> Parameters: 1(Long)
2019-03-04 11:41:33.786[main]DEBUGcom.imooc.o2o.dao.ShopDao.queryShopCount-<==      Total: 1
2019-03-04 11:42:52.684[main]DEBUGcom.imooc.o2o.dao.ShopDao.queryShopList-==>  Preparing: SELECT s.shop_id, s.shop_name, s.shop_desc, s.shop_addr, s.phone, s.shop_img, s.priority, s.create_time, s.last_edit_time, s.enable_status, s.advice, a.area_id, a.area_name, sc.shop_category_id, sc.shop_category_name FROM tb_shop s, tb_area a, tb_shop_category sc WHERE s.shop_category_id = ? AND s.area_id=a.area_id AND s.shop_category_id =sc.shop_category_id ORDER BY priority DESC LIMIT ?,?; 
2019-03-04 11:42:52.723[main]DEBUGcom.imooc.o2o.dao.ShopDao.queryShopList-==> Parameters: 1(Long), 2(Integer), 2(Integer)
2019-03-04 11:42:52.753[main]DEBUGcom.imooc.o2o.dao.ShopDao.queryShopList-<==      Total: 2
2019-03-04 11:42:52.761[main]DEBUGcom.imooc.o2o.dao.ShopDao.queryShopCount-==>  Preparing: SELECT count(1) FROM tb_shop s, tb_area a, tb_shop_category sc WHERE s.shop_category_id = ? AND s.area_id=a.area_id AND s.shop_category_id =sc.shop_category_id 
2019-03-04 11:42:52.762[main]DEBUGcom.imooc.o2o.dao.ShopDao.queryShopCount-==> Parameters: 1(Long)
2019-03-04 11:42:52.764[main]DEBUGcom.imooc.o2o.dao.ShopDao.queryShopCount-<==      Total: 1
2019-03-04 11:43:09.927[main]DEBUGcom.imooc.o2o.dao.ShopDao.queryShopList-==>  Preparing: SELECT s.shop_id, s.shop_name, s.shop_desc, s.shop_addr, s.phone, s.shop_img, s.priority, s.create_time, s.last_edit_time, s.enable_status, s.advice, a.area_id, a.area_name, sc.shop_category_id, sc.shop_category_name FROM tb_shop s, tb_area a, tb_shop_category sc WHERE s.shop_category_id = ? AND s.area_id=a.area_id AND s.shop_category_id =sc.shop_category_id ORDER BY priority DESC LIMIT ?,?; 
2019-03-04 11:43:10.020[main]DEBUGcom.imooc.o2o.dao.ShopDao.queryShopList-==> Parameters: 1(Long), 3(Integer), 3(Integer)
2019-03-04 11:43:10.062[main]DEBUGcom.imooc.o2o.dao.ShopDao.queryShopList-<==      Total: 2
2019-03-04 11:43:10.076[main]DEBUGcom.imooc.o2o.dao.ShopDao.queryShopCount-==>  Preparing: SELECT count(1) FROM tb_shop s, tb_area a, tb_shop_category sc WHERE s.shop_category_id = ? AND s.area_id=a.area_id AND s.shop_category_id =sc.shop_category_id 
2019-03-04 11:43:10.076[main]DEBUGcom.imooc.o2o.dao.ShopDao.queryShopCount-==> Parameters: 1(Long)
2019-03-04 11:43:10.087[main]DEBUGcom.imooc.o2o.dao.ShopDao.queryShopCount-<==      Total: 1
2019-03-04 11:43:23.126[main]DEBUGcom.imooc.o2o.dao.ShopDao.queryShopList-==>  Preparing: SELECT s.shop_id, s.shop_name, s.shop_desc, s.shop_addr, s.phone, s.shop_img, s.priority, s.create_time, s.last_edit_time, s.enable_status, s.advice, a.area_id, a.area_name, sc.shop_category_id, sc.shop_category_name FROM tb_shop s, tb_area a, tb_shop_category sc WHERE s.shop_category_id = ? AND s.area_id=a.area_id AND s.shop_category_id =sc.shop_category_id ORDER BY priority DESC LIMIT ?,?; 
2019-03-04 11:43:23.211[main]DEBUGcom.imooc.o2o.dao.ShopDao.queryShopList-==> Parameters: 1(Long), 0(Integer), 3(Integer)
2019-03-04 11:43:23.246[main]DEBUGcom.imooc.o2o.dao.ShopDao.queryShopList-<==      Total: 3
2019-03-04 11:43:23.256[main]DEBUGcom.imooc.o2o.dao.ShopDao.queryShopCount-==>  Preparing: SELECT count(1) FROM tb_shop s, tb_area a, tb_shop_category sc WHERE s.shop_category_id = ? AND s.area_id=a.area_id AND s.shop_category_id =sc.shop_category_id 
2019-03-04 11:43:23.257[main]DEBUGcom.imooc.o2o.dao.ShopDao.queryShopCount-==> Parameters: 1(Long)
2019-03-04 11:43:23.258[main]DEBUGcom.imooc.o2o.dao.ShopDao.queryShopCount-<==      Total: 1
